<?xml version="1.0" encoding="UTF-8"?>
<!-- Generated by org.testng.reporters.JUnitReportReporter -->
<testsuite skipped="0" hostname="User-PC" name="SeleniumTestNG.ClothingSection" tests="1" failures="0" timestamp="15 Apr 2020 03:44:55 GMT" time="32.983" errors="0">
  <testcase name="clothingSection" time="32.983" classname="SeleniumTestNG.ClothingSection"/>
</testsuite> <!-- SeleniumTestNG.ClothingSection -->
